#
# A fatal error has been detected by the Java Runtime Environment:
#
#  EXCEPTION_ACCESS_VIOLATION (0xc0000005) at pc=0x0000000062e7b0e8, pid=3688, tid=0x0000000000000738
#
# JRE version: Java(TM) SE Runtime Environment (8.0_201-b09) (build 1.8.0_201-b09)
# Java VM: Java HotSpot(TM) 64-Bit Server VM (25.201-b09 mixed mode windows-amd64 compressed oops)
# Problematic frame:
# V  [jvm.dll+0x5b0e8]
#
# Failed to write core dump. Minidumps are not enabled by default on client versions of Windows
#
# If you would like to submit a bug report, please visit:
#   http://bugreport.java.com/bugreport/crash.jsp
#

---------------  T H R E A D  ---------------

Current thread (0x00000000022b8800):  JavaThread "main" [_thread_in_vm, id=1848, stack(0x0000000002660000,0x0000000002760000)]

siginfo: ExceptionCode=0xc0000005, reading address 0x00000000d4851abe

Registers:
RAX=0x00000000d4851abe, RBX=0x0000000000002aaf, RCX=0x000000005654d4a0, RDX=0x000000007e2b5600
RSP=0x000000000275da50, RBP=0x000000000275db60, RSI=0x00000000022b8800, RDI=0x000000000000007a
R8 =0x000000007e307509, R9 =0x00000000022b8800, R10=0x0000000000002e67, R11=0x000000000275da48
R12=0x000000007e2b5600, R13=0x000000000000c03a, R14=0x000000005654d4a0, R15=0x000000000275e330
RIP=0x0000000062e7b0e8, EFLAGS=0x0000000000010246

Top of Stack: (sp=0x000000000275da50)
0x000000000275da50:   0000000000002aaf 00000000022b8800
0x000000000275da60:   0000000000000000 0000000002306070
0x000000000275da70:   00000000022b8800 0000000000000000
0x000000000275da80:   0000000000000000 0000000000000000
0x000000000275da90:   0000000000000000 0000000000000000
0x000000000275daa0:   0000000000000000 0000000000000000
0x000000000275dab0:   0000000000000000 0000000000000000
0x000000000275dac0:   0000000000000000 0000000000000000
0x000000000275dad0:   00000000022b8800 000000005496c818
0x000000000275dae0:   0000000000000000 0000000000000000
0x000000000275daf0:   000000000275dc01 00000000002cee70
0x000000000275db00:   0000000056547760 000000005654d4d0
0x000000000275db10:   000000005654f748 00000000000083b0
0x000000000275db20:   0000000000000002 00000000002cee90
0x000000000275db30:   00000000002cee80 00000000002cee88
0x000000000275db40:   0000000300200000 0000007a56540000 

Instructions: (pc=0x0000000062e7b0e8)
0x0000000062e7b0c8:   8b d6 49 8b ce e8 de 3a 00 00 44 8b 85 e0 00 00
0x0000000062e7b0d8:   00 48 83 7e 08 00 0f 85 7e 07 00 00 49 8b 46 10
0x0000000062e7b0e8:   0f b7 08 48 8d 50 02 66 89 4d 60 0f b6 45 61 0f
0x0000000062e7b0f8:   b6 d9 66 c1 e3 08 49 89 56 10 8b 0a 66 0b d8 89 


Register to memory mapping:

RAX=0x00000000d4851abe is an unallocated location in the heap
RBX=0x0000000000002aaf is an unknown value
RCX=0x000000005654d4a0 is an unknown value
RDX=0x000000007e2b5600 is an unknown value
RSP=0x000000000275da50 is pointing into the stack for thread: 0x00000000022b8800
RBP=0x000000000275db60 is pointing into the stack for thread: 0x00000000022b8800
RSI=0x00000000022b8800 is a thread
RDI=0x000000000000007a is an unknown value
R8 =0x000000007e307509 is an unknown value
R9 =0x00000000022b8800 is a thread
R10=0x0000000000002e67 is an unknown value
R11=0x000000000275da48 is pointing into the stack for thread: 0x00000000022b8800
R12=0x000000007e2b5600 is an unknown value
R13=0x000000000000c03a is an unknown value
R14=0x000000005654d4a0 is an unknown value
R15=0x000000000275e330 is pointing into the stack for thread: 0x00000000022b8800


Stack: [0x0000000002660000,0x0000000002760000],  sp=0x000000000275da50,  free space=1014k
Native frames: (J=compiled Java code, j=interpreted, Vv=VM code, C=native code)
V  [jvm.dll+0x5b0e8]
V  [jvm.dll+0x5bf3e]
V  [jvm.dll+0x5dbb1]
V  [jvm.dll+0x60173]
V  [jvm.dll+0x7d139]
V  [jvm.dll+0x7da0d]
V  [jvm.dll+0x7f0f6]
V  [jvm.dll+0x7f14d]
V  [jvm.dll+0xf8ab4]
V  [jvm.dll+0xbc8c3]
V  [jvm.dll+0xbca7f]
C  0x0000000002a54243

Java frames: (J=compiled Java code, j=interpreted, Vv=VM code)
j  java.io.File.toURI()Ljava/net/URI;+46
j  org.codehaus.plexus.classworlds.launcher.Configurator.addLoadFile(Ljava/io/File;)V+5
j  org.codehaus.plexus.classworlds.launcher.ConfigurationParser.parse(Ljava/io/InputStream;)V+705
j  org.codehaus.plexus.classworlds.launcher.Configurator.configure(Ljava/io/InputStream;)V+60
j  org.codehaus.plexus.classworlds.launcher.Launcher.configure(Ljava/io/InputStream;)V+11
j  org.codehaus.plexus.classworlds.launcher.Launcher.mainWithExitCode([Ljava/lang/String;)I+92
j  org.codehaus.plexus.classworlds.launcher.Launcher.main([Ljava/lang/String;)V+1
v  ~StubRoutines::call_stub

---------------  P R O C E S S  ---------------

Java Threads: ( => current thread )
  0x0000000056574800 JavaThread "Service Thread" daemon [_thread_blocked, id=4460, stack(0x00000000570d0000,0x00000000571d0000)]
  0x0000000056500000 JavaThread "C1 CompilerThread2" daemon [_thread_blocked, id=2628, stack(0x0000000056ea0000,0x0000000056fa0000)]
  0x00000000550fc000 JavaThread "C2 CompilerThread1" daemon [_thread_blocked, id=2676, stack(0x0000000056900000,0x0000000056a00000)]
  0x00000000564fc800 JavaThread "C2 CompilerThread0" daemon [_thread_blocked, id=3136, stack(0x0000000056160000,0x0000000056260000)]
  0x00000000564f8800 JavaThread "Attach Listener" daemon [_thread_blocked, id=1528, stack(0x0000000056c50000,0x0000000056d50000)]
  0x00000000550f6000 JavaThread "Signal Dispatcher" daemon [_thread_blocked, id=4888, stack(0x0000000056a00000,0x0000000056b00000)]
  0x00000000550df800 JavaThread "Finalizer" daemon [_thread_blocked, id=3536, stack(0x00000000563f0000,0x00000000564f0000)]
  0x00000000550d8800 JavaThread "Reference Handler" daemon [_thread_blocked, id=4896, stack(0x0000000056260000,0x0000000056360000)]
=>0x00000000022b8800 JavaThread "main" [_thread_in_vm, id=1848, stack(0x0000000002660000,0x0000000002760000)]

Other Threads:
  0x0000000055091800 VMThread [stack: 0x0000000056020000,0x0000000056120000] [id=4960]
  0x0000000056597800 WatcherThread [stack: 0x00000000571d0000,0x00000000572d0000] [id=4692]

VM state:not at safepoint (normal execution)

VM Mutex/Monitor currently owned by a thread: None

heap address: 0x00000000c3400000, size: 972 MB, Compressed Oops mode: 32-bit
Narrow klass base: 0x0000000000000000, Narrow klass shift: 0
Compressed class space size: 1073741824 Address: 0x0000000014700000

Heap:
 PSYoungGen      total 18432K, used 1270K [0x00000000ebc00000, 0x00000000ed080000, 0x0000000100000000)
  eden space 15872K, 8% used [0x00000000ebc00000,0x00000000ebd3d8a8,0x00000000ecb80000)
  from space 2560K, 0% used [0x00000000ece00000,0x00000000ece00000,0x00000000ed080000)
  to   space 2560K, 0% used [0x00000000ecb80000,0x00000000ecb80000,0x00000000ece00000)
 ParOldGen       total 42496K, used 0K [0x00000000c3400000, 0x00000000c5d80000, 0x00000000ebc00000)
  object space 42496K, 0% used [0x00000000c3400000,0x00000000c3400000,0x00000000c5d80000)
 Metaspace       used 2864K, capacity 4600K, committed 4864K, reserved 1056768K
  class space    used 313K, capacity 424K, committed 512K, reserved 1048576K

Card table byte_map: [0x0000000011df0000,0x0000000011fe0000] byte_map_base: 0x00000000117d6000

Marking Bits: (ParMarkBitMap*) 0x0000000063644ce0
 Begin Bits: [0x00000000126b0000, 0x00000000135e0000)
 End Bits:   [0x00000000135e0000, 0x0000000014510000)

Polling page: 0x0000000000130000

CodeCache: size=245760Kb used=1126Kb max_used=1126Kb free=244633Kb
 bounds [0x0000000002a30000, 0x0000000002ca0000, 0x0000000011a30000]
 total_blobs=275 nmethods=41 adapters=148
 compilation: enabled

Compilation events (10 events):
Event: 0.105 Thread 0x0000000056500000   36       3       java.lang.String::indexOf (7 bytes)
Event: 0.106 Thread 0x0000000056500000 nmethod 36 0x0000000002b478d0 code [0x0000000002b47a40, 0x0000000002b47c48]
Event: 0.106 Thread 0x0000000056500000   37       1       java.lang.Object::<init> (1 bytes)
Event: 0.107 Thread 0x0000000056500000 nmethod 37 0x0000000002b47cd0 code [0x0000000002b47e20, 0x0000000002b47f30]
Event: 0.107 Thread 0x0000000056500000   38       3       java.util.HashMap::hash (20 bytes)
Event: 0.107 Thread 0x0000000056500000 nmethod 38 0x0000000002b47f90 code [0x0000000002b48100, 0x0000000002b48348]
Event: 0.110 Thread 0x0000000056500000   39       3       java.lang.String::lastIndexOf (52 bytes)
Event: 0.111 Thread 0x0000000056500000 nmethod 39 0x0000000002b49190 code [0x0000000002b49320, 0x0000000002b496c8]
Event: 0.111 Thread 0x0000000056500000   40       3       java.util.concurrent.ConcurrentHashMap::setTabAt (19 bytes)
Event: 0.111 Thread 0x0000000056500000 nmethod 40 0x0000000002b49850 code [0x0000000002b499a0, 0x0000000002b49b10]

GC Heap History (0 events):
No events

Deoptimization events (0 events):
No events

Classes redefined (0 events):
No events

Internal exceptions (2 events):
Event: 0.034 Thread 0x00000000022b8800 Exception <a 'java/lang/NoSuchMethodError': Method sun.misc.Unsafe.defineClass(Ljava/lang/String;[BII)Ljava/lang/Class; name or signature does not match> (0x00000000ebc07cb0) thrown at [C:\re\workspace\8-2-build-windows-amd64-cygwin\jdk8u201\12322\hotspot
Event: 0.034 Thread 0x00000000022b8800 Exception <a 'java/lang/NoSuchMethodError': Method sun.misc.Unsafe.prefetchRead(Ljava/lang/Object;J)V name or signature does not match> (0x00000000ebc07f98) thrown at [C:\re\workspace\8-2-build-windows-amd64-cygwin\jdk8u201\12322\hotspot\src\share\vm\prim

Events (10 events):
Event: 0.111 loading class org/codehaus/plexus/classworlds/strategy/StrategyFactory done
Event: 0.111 loading class org/codehaus/plexus/classworlds/strategy/Strategy
Event: 0.111 loading class org/codehaus/plexus/classworlds/strategy/Strategy done
Event: 0.112 loading class org/codehaus/plexus/classworlds/strategy/SelfFirstStrategy
Event: 0.112 loading class org/codehaus/plexus/classworlds/strategy/SelfFirstStrategy done
Event: 0.112 loading class org/codehaus/plexus/classworlds/strategy/AbstractStrategy
Event: 0.112 loading class org/codehaus/plexus/classworlds/strategy/AbstractStrategy done
Event: 0.112 loading class java/util/ArrayList$Itr
Event: 0.113 loading class java/util/ArrayList$Itr done
Event: 0.113 loading class java/net/URI


Dynamic libraries:
0x000000013f4b0000 - 0x000000013f4e7000 	C:\Program Files\Java\jdk1.8.0_201\bin\java.exe
0x0000000077aa0000 - 0x0000000077c3f000 	C:\Windows\SYSTEM32\ntdll.dll
0x0000000077880000 - 0x000000007799f000 	C:\Windows\system32\kernel32.dll
0x000007fefd890000 - 0x000007fefd8fa000 	C:\Windows\system32\KERNELBASE.dll
0x000007fefea20000 - 0x000007fefeafb000 	C:\Windows\system32\ADVAPI32.dll
0x000007fefe160000 - 0x000007fefe1ff000 	C:\Windows\system32\msvcrt.dll
0x000007fefdd00000 - 0x000007fefdd1f000 	C:\Windows\SYSTEM32\sechost.dll
0x000007fefdf20000 - 0x000007fefe04d000 	C:\Windows\system32\RPCRT4.dll
0x00000000779a0000 - 0x0000000077a9a000 	C:\Windows\system32\USER32.dll
0x000007fefdd20000 - 0x000007fefdd87000 	C:\Windows\system32\GDI32.dll
0x000007fefea10000 - 0x000007fefea1e000 	C:\Windows\system32\LPK.dll
0x000007fefeb00000 - 0x000007fefebcb000 	C:\Windows\system32\USP10.dll
0x000007fefbbb0000 - 0x000007fefbda4000 	C:\Windows\WinSxS\amd64_microsoft.windows.common-controls_6595b64144ccf1df_6.0.7601.18837_none_fa3b1e3d17594757\COMCTL32.dll
0x000007fefee50000 - 0x000007fefeec1000 	C:\Windows\system32\SHLWAPI.dll
0x000007feffd60000 - 0x000007feffd8e000 	C:\Windows\system32\IMM32.DLL
0x000007fefe050000 - 0x000007fefe159000 	C:\Windows\system32\MSCTF.dll
0x0000000069030000 - 0x0000000069101000 	C:\Program Files\Java\jdk1.8.0_201\jre\bin\msvcr100.dll
0x0000000062e20000 - 0x00000000636c4000 	C:\Program Files\Java\jdk1.8.0_201\jre\bin\server\jvm.dll
0x000007fef68b0000 - 0x000007fef68b9000 	C:\Windows\system32\WSOCK32.dll
0x000007fefeee0000 - 0x000007fefef2d000 	C:\Windows\system32\WS2_32.dll
0x000007fefeed0000 - 0x000007fefeed8000 	C:\Windows\system32\NSI.dll
0x000007fefbdb0000 - 0x000007fefbdeb000 	C:\Windows\system32\WINMM.dll
0x000007fefc6d0000 - 0x000007fefc6dc000 	C:\Windows\system32\VERSION.dll
0x0000000077c50000 - 0x0000000077c57000 	C:\Windows\system32\PSAPI.DLL
0x000007fef66a0000 - 0x000007fef66af000 	C:\Program Files\Java\jdk1.8.0_201\jre\bin\verify.dll
0x000007fef65c0000 - 0x000007fef65e9000 	C:\Program Files\Java\jdk1.8.0_201\jre\bin\java.dll
0x000007fef6680000 - 0x000007fef6696000 	C:\Program Files\Java\jdk1.8.0_201\jre\bin\zip.dll
0x000007fefef30000 - 0x000007feffcba000 	C:\Windows\system32\SHELL32.dll
0x000007fefe810000 - 0x000007fefea0f000 	C:\Windows\system32\ole32.dll
0x000007fefd5f0000 - 0x000007fefd5ff000 	C:\Windows\system32\profapi.dll
0x000007fef6da0000 - 0x000007fef6ec5000 	C:\Windows\system32\dbghelp.dll

VM Arguments:
jvm_args: -Dclassworlds.conf=C:/Users/HP/Desktop/apache-maven-3.6.0-bin/apache-maven-3.6.0/bin/m2.conf -Dmaven.home=C:/Users/HP/Desktop/apache-maven-3.6.0-bin/apache-maven-3.6.0 -Dlibrary.jansi.path=C:/Users/HP/Desktop/apache-maven-3.6.0-bin/apache-maven-3.6.0/lib/jansi-native -Dmaven.multiModuleProjectDirectory=C:/Users/HP/Desktop/apache-maven-3.6.0-bin/maven-1st-project 
java_command: org.codehaus.plexus.classworlds.launcher.Launcher validate
java_class_path (initial): C:/Users/HP/Desktop/apache-maven-3.6.0-bin/apache-maven-3.6.0/boot/plexus-classworlds-2.5.2.jar
Launcher Type: SUN_STANDARD

Environment Variables:
JAVA_HOME=C:/Program Files/Java/jdk1.8.0_201
PATH=C:\Users\HP\bin;C:\Program Files\Git\mingw64\bin;C:\Program Files\Git\usr\local\bin;C:\Program Files\Git\usr\bin;C:\Program Files\Git\usr\bin;C:\Program Files\Git\mingw64\bin;C:\Program Files\Git\usr\bin;C:\Users\HP\bin;C:\Users\HP\Desktop\apache-maven-3.6.0-bin\apache-maven-3.6.0\bin;C:\Program Files\Java\jdk1.8.0_201\bin;C:\Users\HP\Desktop\apache-maven-3.6.0;C:\Program Files\Git\usr\bin\vendor_perl;C:\Program Files\Git\usr\bin\core_perl
USERNAME=HP
SHELL=C:\Program Files\Git\usr\bin\bash.exe
DISPLAY=needs-to-be-defined
OS=Windows_NT
PROCESSOR_IDENTIFIER=Intel64 Family 6 Model 37 Stepping 5, GenuineIntel



---------------  S Y S T E M  ---------------

OS: Windows 7 , 64 bit Build 7601 (6.1.7601.24335)

CPU:total 4 (initial active 4) (2 cores per cpu, 2 threads per core) family 6 model 37 stepping 5, cmov, cx8, fxsr, mmx, sse, sse2, sse3, ssse3, sse4.1, sse4.2, popcnt, ht, tsc, tscinvbit

Memory: 4k page, physical 3980728k(1645904k free), swap 7959552k(5256304k free)

vm_info: Java HotSpot(TM) 64-Bit Server VM (25.201-b09) for windows-amd64 JRE (1.8.0_201-b09), built on Dec 15 2018 18:36:39 by "java_re" with MS VC++ 10.0 (VS2010)

time: Wed Mar 06 11:25:29 2019
timezone: India Standard Time
elapsed time: 0 seconds (0d 0h 0m 0s)

